../example1.out ex4.dat 
 "fpw.txt" No.00 -- focused plane wave --
wave length of incident beam in vacuum      :           1.064
refractive index of surrounding             :               1
numerical aperture                          :             0.9
incident beam power                         :               1
x-component of polarization coefficient     :      1+      0i
y-component of polarization coefficient     :      0+      0i
x-component of translation vector           :            -2.9
y-component of translation vector           :               0
z-component of translation vector           :               0
rotation parameter theta               [rad]:               0
rotation parameter phi                 [rad]:               0
gauss-legendre integration sampling number  :              64

---- sphere data ( msphr.txt ) ----
number of spheres                             :                1
  Sphere ID 0
radius of sphere                              :           2.4325
refractive index of sphere                    :     1.6+  1e-06i
x-coordinate of sphere center                 :                0
y-coordinate of sphere center                 :                0
z-coordinate of sphere center                 :                0
basic sampling number on sphere surface       :               32
division number for sphere surface    (per PI):                4
limit of order number l                       :               40

 "fpw.txt" No.00 -- focused plane wave, MKSA system --
wave length of incident beam in vacuum   [m]:       1.064e-06
refractive index of surrounding             :               1
numerical aperture                          :             0.9
incident beam power                      [W]:           0.001
x-component of polarization coefficient     :      1+      0i
y-component of polarization coefficient     :      0+      0i
x-component of translation vector        [m]:        -2.9e-06
y-component of translation vector        [m]:               0
z-component of translation vector        [m]:               0
rotation parameter theta               [rad]:               0
rotation parameter phi                 [rad]:               0
gauss-legendre integration sampling number  :              64

---- sphere data ( msphr.txt ), MKSA system ----
number of spheres                             :                1
  Sphere ID 0
radius of sphere                           [m]:       2.4325e-06
refractive index of sphere                    :     1.6+  1e-06i
x-coordinate of sphere center              [m]:                0
y-coordinate of sphere center              [m]:                0
z-coordinate of sphere center              [m]:                0
basic sampling number on sphere surface       :               32
division number for sphere surface    (per PI):                4
limit of order number l                       :               40

Electromagnetic field at r=(  0, 0,-1.5 )
Ex =  1.28282100573777e-01 -6.63844657383943e-02 I (= 7.87374501152697e+04 -4.07456966804155e+04 I [V/m](MKSA))
Ey =  1.03193581674432e-04 -5.06590026388212e-05 I (= 6.33385285473535e+01 -3.10936652527725e+01 I [V/m](MKSA))
Ez = -1.97460135824640e-02 -1.79177804477517e-01 I (=-1.21197793961172e+04 -1.09976398723674e+05 I [V/m](MKSA))
Hx = -3.21726417431157e-05 +1.94944235679007e-04 I (=-5.24169128892588e-02 +3.17610692383884e-01 I [A/m](MKSA))
Hy =  1.75923677852529e-02 -2.59795014117399e-01 I (= 2.86621663548261e+01 -4.23268090099234e+02 I [A/m](MKSA))
Hz = -8.04402828462974e-10 +1.66596909887589e-08 I (=-1.31056421552450e-06 +2.71426132268609e-05 I [A/m](MKSA))
Real electromagnetic field at t=0.001
Ex =  1.27887849310824e-01 (= 7.84954651539165e+04 [V/m](MKSA))
Ey =  1.02892630094258e-04 (= 6.31538094016183e+01 [V/m](MKSA))
Ez = -2.08037527558881e-02 (=-1.27690023588684e+04 [V/m](MKSA))
Hx = -3.10208931529669e-05 (=-5.05404395178089e-02 [A/m](MKSA))
Hy =  1.60579156244144e-02 (= 2.61621775168060e+01 [A/m](MKSA))
Hz = -7.06009745365587e-10 (=-1.15025839709649e-06 [A/m](MSKA))

Radiation force and torque
Mie coefficient
sphere id  0, F=( -0.23646238301457,-3.8667434916231e-18, 0.52143317320837 )
           0, N=(  2.4197049353532e-18, 0.00051903541151395,-5.2868354902657e-19 )
           0, F=( -7.8875360838653e-13,-1.2898067941466e-29, 1.7393138462755e-12 ) [ N ](MKSA)
           0, N=(  8.071266874076e-36, 1.7313157741745e-21,-1.763498496772e-36 ) [N m](MKSA)
Surface integral
sphere id  0, F=( -0.23646238301457, 1.2323572098699e-17, 0.52143317320837 ) [ N ]
           0, N=(  3.5007792300681e-17, 0.00051903541152139, 1.7000427707427e-16 ) [N m]
           0, F=( -7.8875360838653e-13, 4.1107011767118e-29, 1.7393138462755e-12 ) [ N ](MKSA)
           0, N=(  1.1677342563662e-34, 1.7313157741993e-21, 5.6707322862094e-34 ) [N m](MKSA)
