../../mie_ms_solver 2sp.dat

 "fpw.txt" No.00 -- focused plane wave --
wave length of incident beam in vacuum      :           1.064
refractive index of surrounding             :               1
numerical aperture                          :             0.9
incident beam power                         :               1
x-component of polarization coefficient     :      1+      0i
y-component of polarization coefficient     :      0+      0i
x-component of translation vector           :            -2.9
y-component of translation vector           :               0
z-component of translation vector           :               0
rotation parameter theta               [rad]:               0
rotation parameter phi                 [rad]:               0
gauss-legendre integration sampling number  :              64

---- sphere data ( msphr.txt ) ----
number of spheres                             :                2
  Sphere ID 0
radius of sphere                              :           2.4325
refractive index of sphere                    :     1.6+  1e-06i
x-coordinate of sphere center                 :                0
y-coordinate of sphere center                 :                0
z-coordinate of sphere center                 :                0
basic sampling number on sphere surface       :               32
division number for sphere surface    (per PI):                4
limit of order number l                       :               40
  Sphere ID 1
radius of sphere                              :           2.4325
refractive index of sphere                    :     1.6+  1e-06i
x-coordinate of sphere center                 :              5.6
y-coordinate of sphere center                 :                0
z-coordinate of sphere center                 :                0
basic sampling number on sphere surface       :               32
division number for sphere surface    (per PI):                4
limit of order number l                       :               40

iterative operation start (convergence criterion : cv < 1e-12)
  0, cv : 0.0112388	54941.8	
  1, cv : 0.0415533	0.0107193	
  2, cv : 0.00107272	0.438173	
  3, cv : 0.0551427	0.0173104	
  4, cv : 0.0035643	0.167034	
  5, cv : 0.0627777	0.014512	
  6, cv : 8.58977e-05	0.396978	
  7, cv : 0.0398252	0.00280019	
  8, cv : 0.000659123	0.267735	
  9, cv : 0.0228739	0.00330894	
 10, cv : 0.000880009	0.219655	
 11, cv : 0.00733775	0.00482342	
 12, cv : 0.000626753	0.0782116	
 13, cv : 0.0031954	0.0042925	
 14, cv : 0.000323184	0.00373272	
 15, cv : 0.00742558	0.00269464	
 16, cv : 7.21742e-05	0.0433438	
 17, cv : 0.00717822	0.000925536	
 18, cv : 7.057e-05	0.0478555	
 19, cv : 0.00469744	0.000206383	
 20, cv : 0.000118343	0.0367905	
 21, cv : 0.00188182	0.000694911	
 22, cv : 0.00010361	0.017689	
 23, cv : 0.00016241	0.000719718	
 24, cv : 6.25791e-05	0.00273327	
 25, cv : 0.0011423	0.000497219	
 26, cv : 2.13801e-05	0.00577663	
 27, cv : 0.00126815	0.000220066	
 28, cv : 6.35643e-06	0.00820591	
 29, cv : 0.000920312	9.98796e-06	
 30, cv : 1.83697e-05	0.00683814	
 31, cv : 0.000444264	9.97786e-05	
 32, cv : 1.84886e-05	0.00387507	
 33, cv : 5.81218e-05	0.000123346	
 34, cv : 1.25496e-05	0.00113322	
 35, cv : 0.00015724	9.52598e-05	
 36, cv : 5.45593e-06	0.000631993	
 37, cv : 0.000216176	5.00455e-05	
 38, cv : 8.13439e-08	0.00132656	
 39, cv : 0.000176416	1.09102e-05	
 40, cv : 2.6823e-06	0.00125335	
 41, cv : 9.92333e-05	1.25473e-05	
 42, cv : 3.22258e-06	0.000810031	
 43, cv : 2.79408e-05	2.04413e-05	
 44, cv : 2.45733e-06	0.000323929	
 45, cv : 1.73536e-05	1.78564e-05	
 46, cv : 1.27467e-06	2.80998e-05	
 47, cv : 3.4809e-05	1.07771e-05	
 48, cv : 2.61587e-07	0.000198156	
 49, cv : 3.24666e-05	3.69973e-06	
 50, cv : 3.38396e-07	0.000220802	
 51, cv : 2.08062e-05	1.09567e-06	
 52, cv : 5.34554e-07	0.000161076	
 53, cv : 8.16657e-06	3.18228e-06	
 54, cv : 4.61984e-07	7.87866e-05	
 55, cv : 8.95611e-07	3.21742e-06	
 56, cv : 2.76095e-07	1.15172e-05	
 57, cv : 5.21586e-06	2.19775e-06	
 58, cv : 9.25135e-08	2.64089e-05	
 59, cv : 5.73103e-06	9.7044e-07	
 60, cv : 3.06947e-08	3.7181e-05	
 61, cv : 4.14483e-06	3.32285e-08	
 62, cv : 8.34597e-08	3.06673e-05	
 63, cv : 2.00149e-06	4.54147e-07	
 64, cv : 8.33807e-08	1.74656e-05	
 65, cv : 2.66018e-07	5.55551e-07	
 66, cv : 5.6451e-08	5.11864e-06	
 67, cv : 7.0233e-07	4.27958e-07	
 68, cv : 2.45504e-08	2.81106e-06	
 69, cv : 9.68253e-07	2.25053e-07	
 70, cv : 4.09785e-10	5.93699e-06	
 71, cv : 7.91198e-07	4.92827e-08	
 72, cv : 1.19989e-08	5.61179e-06	
 73, cv : 4.45976e-07	5.59986e-08	
 74, cv : 1.44393e-08	3.63649e-06	
 75, cv : 1.26576e-07	9.14776e-08	
 76, cv : 1.10233e-08	1.45907e-06	
 77, cv : 7.66765e-08	8.00163e-08	
 78, cv : 5.73081e-09	1.18833e-07	
 79, cv : 1.55308e-07	4.83803e-08	
 80, cv : 1.19101e-09	8.82935e-07	
 81, cv : 1.45204e-07	1.66879e-08	
 82, cv : 1.5018e-09	9.86737e-07	
 83, cv : 9.32318e-08	4.81135e-09	
 84, cv : 2.38683e-09	7.2127e-07	
 85, cv : 3.67314e-08	1.41928e-08	
 86, cv : 2.06707e-09	3.53634e-07	
 87, cv : 3.8488e-09	1.43861e-08	
 88, cv : 1.23777e-09	5.26148e-08	
 89, cv : 2.32444e-08	9.84437e-09	
 90, cv : 4.16803e-10	1.17437e-07	
 91, cv : 2.56108e-08	4.35956e-09	
 92, cv : 1.35125e-10	1.6604e-07	
 93, cv : 1.85539e-08	1.64175e-10	
 94, cv : 3.72229e-10	1.37203e-07	
 95, cv : 8.9809e-09	2.02233e-09	
 96, cv : 3.72746e-10	7.82854e-08	
 97, cv : 1.21593e-09	2.482e-09	
 98, cv : 2.52797e-10	2.30735e-08	
 99, cv : 3.12512e-09	1.91524e-09	
100, cv : 1.10253e-10	1.24464e-08	
101, cv : 4.32479e-09	1.00928e-09	
102, cv : 2.20424e-12	2.64956e-08	
103, cv : 3.54e-09	2.23035e-10	
104, cv : 5.34538e-11	2.50946e-08	
105, cv : 1.99913e-09	2.48748e-10	
106, cv : 6.45191e-11	1.62883e-08	
107, cv : 5.70735e-10	4.08447e-10	
108, cv : 4.93315e-11	6.55634e-09	
109, cv : 3.39749e-10	3.57922e-10	
110, cv : 2.57052e-11	5.07449e-10	
111, cv : 6.932e-10	2.16784e-10	
112, cv : 5.39135e-12	3.93605e-09	
113, cv : 6.49362e-10	7.50935e-11	
114, cv : 6.67633e-12	4.41016e-09	
115, cv : 4.17629e-10	2.11887e-11	
116, cv : 1.06601e-11	3.22885e-09	
117, cv : 1.65082e-10	6.33169e-11	
118, cv : 9.24505e-12	1.58668e-09	
119, cv : 1.65925e-11	6.43199e-11	
120, cv : 5.54645e-12	2.39801e-10	
121, cv : 1.03634e-10	4.4079e-11	
122, cv : 1.87339e-12	5.22483e-10	
123, cv : 1.14469e-10	1.95824e-11	
124, cv : 5.95968e-13	7.41639e-10	
125, cv : 8.30597e-11	7.93809e-13	
126, cv : 1.66001e-12	6.13875e-10	
127, cv : 4.02995e-11	9.00902e-12	
128, cv : 1.66667e-12	3.50914e-10	
129, cv : 5.55533e-12	1.1091e-11	
130, cv : 1.13576e-12	1.04001e-10	
131, cv : 1.3911e-11	8.57425e-12	
132, cv : 4.92939e-13	5.51145e-11	
133, cv : 1.9317e-11	4.52172e-12	
134, cv : 1.04361e-14	1.18247e-10	
135, cv : 1.58381e-11	1.00653e-12	
136, cv : 2.39142e-13	1.12216e-10	
137, cv : 8.96283e-12	1.10489e-12	
138, cv : 2.87659e-13	7.29583e-11	
139, cv : 2.57527e-12	1.82521e-12	
140, cv : 2.22489e-13	2.94564e-11	
141, cv : 1.5089e-12	1.59694e-12	
142, cv : 1.15019e-13	2.16061e-12	
143, cv : 3.09686e-12	9.68892e-13	
