../example1.out ex2.dat 

 "ipw.txt" No.00 -- plane wave --
wave length of incident beam in vacuum      :           1.064
refractive index of surrounding             :            1.33
incident beam power per unit area           :           0.001
x-component of polarization coefficient     :      1+      0i
y-component of polarization coefficient     :      0+      0i
x-component of translation vector           :               0
y-component of translation vector           :               0
z-component of translation vector           :               0
rotation parameter theta               [rad]:               0
rotation parameter phi                 [rad]:               0

---- sphere data ( msphr.txt ) ----
number of spheres                             :                3
  Sphere ID 0
radius of sphere                              :              1.5
refractive index of sphere                    :     1.6+  1e-06i
x-coordinate of sphere center                 :             -1.5
y-coordinate of sphere center                 :                0
z-coordinate of sphere center                 :                0
basic sampling number on sphere surface       :               32
division number for sphere surface    (per PI):                4
limit of order number l                       :               40
  Sphere ID 1
radius of sphere                              :              1.5
refractive index of sphere                    :     1.6+  1e-06i
x-coordinate of sphere center                 :              1.5
y-coordinate of sphere center                 :                0
z-coordinate of sphere center                 :                0
basic sampling number on sphere surface       :               32
division number for sphere surface    (per PI):                4
limit of order number l                       :               40
  Sphere ID 2
radius of sphere                              :              1.5
refractive index of sphere                    :   0.129+   6.83i
x-coordinate of sphere center                 :                0
y-coordinate of sphere center                 :                0
z-coordinate of sphere center                 :       2.59807622
basic sampling number on sphere surface       :               32
division number for sphere surface    (per PI):                4
limit of order number l                       :               40

 "ipw.txt" No.00 -- plane wave, MKSA system --
wave length of incident beam in vacuum   [m]:       1.064e-06
refractive index of surrounding             :            1.33
incident beam power per unit area    [W/m^2]:         1000000
x-component of polarization coefficient     :      1+      0i
y-component of polarization coefficient     :      0+      0i
x-component of translation vector        [m]:               0
y-component of translation vector        [m]:               0
z-component of translation vector        [m]:               0
rotation parameter theta               [rad]:               0
rotation parameter phi                 [rad]:               0

---- sphere data ( msphr.txt ), MKSA system ----
number of spheres                             :                3
  Sphere ID 0
radius of sphere                           [m]:          1.5e-06
refractive index of sphere                    :     1.6+  1e-06i
x-coordinate of sphere center              [m]:         -1.5e-06
y-coordinate of sphere center              [m]:                0
z-coordinate of sphere center              [m]:                0
basic sampling number on sphere surface       :               32
division number for sphere surface    (per PI):                4
limit of order number l                       :               40
  Sphere ID 1
radius of sphere                           [m]:          1.5e-06
refractive index of sphere                    :     1.6+  1e-06i
x-coordinate of sphere center              [m]:          1.5e-06
y-coordinate of sphere center              [m]:                0
z-coordinate of sphere center              [m]:                0
basic sampling number on sphere surface       :               32
division number for sphere surface    (per PI):                4
limit of order number l                       :               40
  Sphere ID 2
radius of sphere                           [m]:          1.5e-06
refractive index of sphere                    :   0.129+   6.83i
x-coordinate of sphere center              [m]:                0
y-coordinate of sphere center              [m]:                0
z-coordinate of sphere center              [m]:   2.59807622e-06
basic sampling number on sphere surface       :               32
division number for sphere surface    (per PI):                4
limit of order number l                       :               40

Electromagnetic field at r=(  0, 0,-1.5 )
Ex =  2.64367635176391e-02 +2.56525325045515e-02 I (= 1.62264520098200e+04 +1.57451038716492e+04 I [V/m](MKSA))
Ey = -1.34304105444183e-05 -8.76022474757797e-06 I (=-8.24336579724587e+00 -5.37688232400188e+00 I [V/m](MKSA))
Ez =  7.12565828478864e-10 -1.10737017240382e-09 I (= 4.37361222826510e-04 -6.79685656212332e-04 I [V/m](MKSA))
Hx = -1.93158057947185e-05 -1.25610562448986e-05 I (=-3.14700582504776e-02 -2.04649589002687e-02 I [A/m](MKSA))
Hy =  3.68073106649402e-02 +3.75560175950526e-02 I (= 5.99678948411158e+01 +6.11877171438239e+01 I [A/m](MKSA))
Hz =  2.02317797004675e-10 +2.66433289169805e-11 I (= 3.29623983825016e-07 +4.34083424691126e-08 I [A/m](MKSA))
Real electromagnetic field at t=0.001
Ex =  2.65877862884109e-02 (= 1.63191473104639e+04 [V/m](MKSA))
Ey = -1.34819073834877e-05 (=-8.27497371276320e+00 [V/m](MKSA))
Ez =  7.06014145244685e-10 (= 4.33339907073846e-04 [V/m](MKSA))
Hx = -1.93896447436986e-05 (=-3.15903595234483e-02 [A/m](MKSA))
Hy =  3.70284452545712e-02 (= 6.03281758716275e+01 [A/m](MKSA))
Hz =  2.02471603991172e-10 (= 3.29874572119174e-07 [A/m](MSKA))

Radiation force and torque
Mie coefficients
sphere id  0, F=( -0.00032015513099889,-1.5759219329102e-18, 0.0033505583418669 )
           0, N=( -7.0463736200012e-20,-1.9036754825735e-08,-8.7181210707393e-20 )
           0, F=( -1.0679225659469e-15,-5.2567097365412e-30, 1.1176259617135e-14 ) [ N ](MKSA)
           0, N=( -2.3504172409838e-37,-6.3499778989554e-26,-2.9080521667891e-37 ) [N m](MKSA)
Mie coefficients
sphere id  1, F=(  0.00032015513099905, 2.6419116552434e-20, 0.0033505583418671 )
           1, N=( -8.750643495062e-20, 1.9036754826231e-08,-1.530601118063e-20 )
           1, F=(  1.0679225659474e-15, 8.8124687087472e-32, 1.1176259617135e-14 ) [ N ](MKSA)
           1, N=( -2.9189004798319e-37, 6.3499778991207e-26,-5.1055357705596e-38 ) [N m](MKSA)
Mie coefficients
sphere id  2, F=(  3.1448529453202e-16,-1.6986150492709e-18, 0.0093244034745 )
           2, N=( -8.4782944467181e-20,-1.239701144455e-17,-3.2029054452257e-19 )
           2, F=(  1.049010027237e-27,-5.6659699200002e-30, 3.1102862082341e-14 ) [ N ](MKSA)
           2, N=( -2.828054615943e-37,-4.1351979056625e-35,-1.0683742568419e-36 ) [N m](MKSA)

Absorbed energy
Mie coefficients
sphere id  0, P= 2.6072729033166e-07
           0, P= 2.6072729033166e-10 [W]
Volume integral of loss by Joulian heat (verification)
sphere id  0, P= 2.6072729530602e-07
           0, P= 2.6072729530602e-10 [W]
Mie coefficients
sphere id  1, P= 2.6072729033158e-07
           1, P= 2.6072729033158e-10 [W]
Volume integral of loss by Joulian heat (verification)
sphere id  1, P= 2.6072729530602e-07
           1, P= 2.6072729530602e-10 [W]
Mie coefficients
sphere id  2, P= 0.00059523641680336
           2, P= 5.9523641680336e-07 [W]
Volume integral of loss by Joulian heat (verification)
sphere id  2, P= 0.00059523642587085
           2, P= 5.9523642587085e-07 [W]
