../mie_ms_solver ex2.dat

 "ipw.txt" No.00 -- plane wave --
wave length of incident beam in vacuum      :           1.064
refractive index of surrounding             :            1.33
incident beam power per unit area           :           0.001
x-component of polarization coefficient     :      1+      0i
y-component of polarization coefficient     :      0+      0i
x-component of translation vector           :               0
y-component of translation vector           :               0
z-component of translation vector           :               0
rotation parameter theta               [rad]:               0
rotation parameter phi                 [rad]:               0

---- sphere data ( msphr.txt ) ----
number of spheres                             :                3
  Sphere ID 0
radius of sphere                              :              1.5
refractive index of sphere                    :     1.6+  1e-06i
x-coordinate of sphere center                 :             -1.5
y-coordinate of sphere center                 :                0
z-coordinate of sphere center                 :                0
basic sampling number on sphere surface       :               32
division number for sphere surface    (per PI):                4
limit of order number l                       :               40
  Sphere ID 1
radius of sphere                              :              1.5
refractive index of sphere                    :     1.6+  1e-06i
x-coordinate of sphere center                 :              1.5
y-coordinate of sphere center                 :                0
z-coordinate of sphere center                 :                0
basic sampling number on sphere surface       :               32
division number for sphere surface    (per PI):                4
limit of order number l                       :               40
  Sphere ID 2
radius of sphere                              :              1.5
refractive index of sphere                    :   0.129+   6.83i
x-coordinate of sphere center                 :                0
y-coordinate of sphere center                 :                0
z-coordinate of sphere center                 :       2.59807622
basic sampling number on sphere surface       :               32
division number for sphere surface    (per PI):                4
limit of order number l                       :               40

iterative operation start (convergence criterion : cv < 1e-12)
  0, cv : 0.0697768	0.0697768	0.136413	
  1, cv : 0.756044	0.756044	0.114642	
  2, cv : 0.169581	0.169581	0.0110421	
  3, cv : 0.0515634	0.0515634	0.0103141	
  4, cv : 0.00272482	0.00272482	0.00236366	
  5, cv : 0.0152099	0.0152099	0.000848071	
  6, cv : 0.00378107	0.00378107	0.000881672	
  7, cv : 0.00296139	0.00296139	9.43054e-05	
  8, cv : 0.000769517	0.000769517	0.000219428	
  9, cv : 0.000288578	0.000288578	5.20239e-05	
 10, cv : 8.40871e-05	8.40871e-05	3.95475e-05	
 11, cv : 2.50492e-06	2.50492e-06	1.03979e-05	
 12, cv : 9.56569e-06	9.56569e-06	4.88301e-06	
 13, cv : 3.91877e-06	3.91877e-06	1.82943e-06	
 14, cv : 1.54469e-06	1.54469e-06	4.54804e-07	
 15, cv : 1.01885e-06	1.01885e-06	3.20074e-07	
 16, cv : 2.17734e-07	2.17734e-07	9.99111e-09	
 17, cv : 2.33263e-07	2.33263e-07	5.22331e-08	
 18, cv : 2.71886e-09	2.71886e-09	1.17728e-08	
 19, cv : 5.4044e-08	5.4044e-08	6.44369e-09	
 20, cv : 9.48994e-09	9.48993e-09	4.81975e-09	
 21, cv : 1.12575e-08	1.12575e-08	2.08059e-10	
 22, cv : 3.49386e-09	3.49386e-09	1.32004e-09	
 23, cv : 1.89749e-09	1.8975e-09	1.83556e-10	
 24, cv : 8.56554e-10	8.56556e-10	2.86684e-10	
 25, cv : 2.20018e-10	2.20017e-10	7.39517e-11	
 26, cv : 1.70438e-10	1.70438e-10	5.0237e-11	
 27, cv : 1.76659e-12	1.76881e-12	1.94587e-11	
 28, cv : 2.8554e-11	2.85557e-11	6.56575e-12	
 29, cv : 8.21665e-12	8.20821e-12	4.1589e-12	
 30, cv : 3.76821e-12	3.77098e-12	3.49498e-13	
 31, cv : 3.02425e-12	3.03191e-12	7.45626e-13	
 32, cv : 2.47358e-13	2.44249e-13	1.44551e-13	
 33, cv : 7.69274e-13	7.68163e-13	1.04583e-13	
